epoch,loss,lr,val_loss
0,-10.66014575958252,0.001,-11.592609405517578
1,-12.01039981842041,0.001,-12.267757415771484
2,-12.513603210449219,0.001,-12.554961204528809
3,-12.816861152648926,0.001,-12.880939483642578
4,-13.024872779846191,0.001,-12.9885892868042
5,-13.185284614562988,0.001,-13.156937599182129
6,-13.325976371765137,0.001,-13.2482271194458
7,-13.44835376739502,0.001,-13.350546836853027
8,-13.535307884216309,0.001,-13.389918327331543
9,-13.625338554382324,0.001,-13.455171585083008
10,-13.695358276367188,0.001,-13.538311004638672
11,-13.773792266845703,0.001,-13.605997085571289
12,-13.83403491973877,0.001,-13.622130393981934
13,-13.892813682556152,0.001,-13.691311836242676
14,-13.941056251525879,0.001,-13.647208213806152
15,-13.987431526184082,0.001,-13.748116493225098
16,-14.038328170776367,0.001,-13.759130477905273
17,-14.073217391967773,0.001,-13.806645393371582
18,-14.091510772705078,0.001,-13.769583702087402
19,-14.139897346496582,0.001,-13.84203815460205
20,-14.186427116394043,0.001,-13.870844841003418
21,-14.20438003540039,0.001,-13.871191024780273
22,-14.228593826293945,0.001,-13.885228157043457
23,-14.260613441467285,0.001,-13.865087509155273
24,-14.269010543823242,0.001,-13.915904998779297
25,-14.292283058166504,0.001,-13.960919380187988
26,-14.332111358642578,0.001,-13.957550048828125
27,-14.3431396484375,0.001,-13.964456558227539
28,-14.35400390625,0.001,-13.989060401916504
29,-14.385371208190918,0.001,-14.010673522949219
30,-14.408300399780273,0.001,-14.026159286499023
31,-14.407327651977539,0.001,-13.995165824890137
32,-14.430887222290039,0.001,-14.048466682434082
33,-14.424874305725098,0.001,-13.996070861816406
34,-14.451683044433594,0.001,-14.065309524536133
35,-14.463915824890137,0.001,-14.076826095581055
36,-14.478276252746582,0.001,-14.069976806640625
37,-14.491386413574219,0.001,-14.077316284179688
38,-14.499719619750977,0.001,-14.05781078338623
39,-14.51334285736084,0.001,-14.091276168823242
40,-14.525752067565918,0.001,-14.054512023925781
41,-14.530856132507324,0.001,-14.067907333374023
42,-14.529831886291504,0.001,-14.02781867980957
43,-14.61531925201416,0.0005,-14.146387100219727
44,-14.655132293701172,0.0005,-14.165395736694336
45,-14.664331436157227,0.0005,-14.169039726257324
46,-14.674861907958984,0.0005,-14.148372650146484
47,-14.680398941040039,0.0005,-14.178406715393066
48,-14.69698429107666,0.0005,-14.169797897338867
49,-14.698634147644043,0.0005,-14.149895668029785
50,-14.709097862243652,0.0005,-14.16869831085205
51,-14.747662544250488,0.00025,-14.208826065063477
52,-14.758647918701172,0.00025,-14.202735900878906
53,-14.763381958007812,0.00025,-14.206406593322754
54,-14.769784927368164,0.00025,-14.212164878845215
55,-14.775457382202148,0.00025,-14.21610164642334
56,-14.779809951782227,0.00025,-14.214716911315918
57,-14.783522605895996,0.00025,-14.217734336853027
58,-14.78939151763916,0.00025,-14.217642784118652
59,-14.793600082397461,0.00025,-14.220208168029785
60,-14.793355941772461,0.00025,-14.21741008758545
61,-14.800776481628418,0.00025,-14.224793434143066
62,-14.803421020507812,0.00025,-14.224289894104004
63,-14.807981491088867,0.00025,-14.228612899780273
64,-14.811323165893555,0.00025,-14.220224380493164
65,-14.8128080368042,0.00025,-14.217321395874023
66,-14.814506530761719,0.00025,-14.2306489944458
67,-14.8204345703125,0.00025,-14.208146095275879
68,-14.824560165405273,0.00025,-14.232219696044922
69,-14.825636863708496,0.00025,-14.224842071533203
70,-14.829230308532715,0.00025,-14.235254287719727
71,-14.831673622131348,0.00025,-14.225872039794922
72,-14.83330249786377,0.00025,-14.23019027709961
73,-14.8362455368042,0.00025,-14.225226402282715
74,-14.85612964630127,0.000125,-14.241393089294434
75,-14.86107063293457,0.000125,-14.239815711975098
76,-14.8624906539917,0.000125,-14.23904800415039
77,-14.866318702697754,0.000125,-14.234017372131348
78,-14.875813484191895,6.25e-05,-14.239591598510742
79,-14.877093315124512,6.25e-05,-14.24145793914795
80,-14.879176139831543,6.25e-05,-14.243986129760742
81,-14.880467414855957,6.25e-05,-14.246194839477539
82,-14.881614685058594,6.25e-05,-14.243585586547852
83,-14.881318092346191,6.25e-05,-14.243061065673828
84,-14.883447647094727,6.25e-05,-14.244415283203125
85,-14.88786792755127,3.125e-05,-14.243322372436523
86,-14.890039443969727,3.125e-05,-14.245019912719727
87,-14.890357971191406,3.125e-05,-14.245352745056152
88,-14.893754959106445,1.5625e-05,-14.244166374206543
89,-14.892656326293945,1.5625e-05,-14.245868682861328
90,-14.892958641052246,1.5625e-05,-14.246211051940918
91,-14.894353866577148,7.8125e-06,-14.248215675354004
92,-14.895294189453125,7.8125e-06,-14.248104095458984
93,-14.895255088806152,7.8125e-06,-14.247644424438477
94,-14.895956993103027,7.8125e-06,-14.245817184448242
95,-14.896398544311523,3.90625e-06,-14.246899604797363
96,-14.895499229431152,3.90625e-06,-14.247671127319336
97,-14.896111488342285,3.90625e-06,-14.24609375
98,-14.89656925201416,1.953125e-06,-14.24693489074707
99,-14.896718978881836,1.953125e-06,-14.247132301330566
100,-14.895890235900879,1.953125e-06,-14.247392654418945
101,-14.896387100219727,9.765625e-07,-14.246957778930664
102,-14.897231101989746,9.765625e-07,-14.24703598022461
103,-14.896424293518066,9.765625e-07,-14.247283935546875
104,-14.896958351135254,4.882813e-07,-14.246943473815918
105,-14.896903991699219,4.882813e-07,-14.246868133544922
106,-14.896931648254395,4.882813e-07,-14.246902465820312
107,-14.89702320098877,2.4414064e-07,-14.246826171875
108,-14.896780967712402,2.4414064e-07,-14.246906280517578
109,-14.896472930908203,2.4414064e-07,-14.246805191040039
110,-14.897485733032227,1.2207032e-07,-14.246888160705566
111,-14.896398544311523,1.2207032e-07,-14.246917724609375
